20:27:38.199 [main] INFO  api.test.UserTests - ********** creating user **********
20:27:40.995 [main] INFO  api.test.UserTests - ********** user is created **********
20:27:41.003 [main] INFO  api.test.UserTests - ********** reading user info **********
20:27:42.271 [main] INFO  api.test.UserTests - ********** user info is displayed **********
20:27:42.278 [main] INFO  api.test.UserTests - ********** updating user info **********
20:27:43.480 [main] INFO  api.test.UserTests - ********** user info is updated **********
20:27:43.480 [main] INFO  api.test.UserTests - ********** getting user info after update **********
20:27:44.745 [main] INFO  api.test.UserTests - ********** user info after update is retrieved **********
20:27:44.752 [main] INFO  api.test.UserTests - ********** deleting user info **********
20:27:45.936 [main] INFO  api.test.UserTests - ********** user info is deleted **********
20:28:16.796 [main] INFO  api.test.UserTests - ********** creating user **********
20:28:19.300 [main] INFO  api.test.UserTests - ********** user is created **********
20:28:19.308 [main] INFO  api.test.UserTests - ********** reading user info **********
20:28:20.537 [main] INFO  api.test.UserTests - ********** user info is displayed **********
20:28:20.540 [main] INFO  api.test.UserTests - ********** updating user info **********
20:28:21.746 [main] INFO  api.test.UserTests - ********** user info is updated **********
20:28:21.746 [main] INFO  api.test.UserTests - ********** getting user info after update **********
20:28:23.023 [main] INFO  api.test.UserTests - ********** user info after update is retrieved **********
20:28:23.028 [main] INFO  api.test.UserTests - ********** deleting user info **********
20:28:24.216 [main] INFO  api.test.UserTests - ********** user info is deleted **********
12:28:44.533 [main] INFO  api.test.UserTests - ********** creating user **********
12:28:48.163 [main] INFO  api.test.UserTests - ********** user is created **********
12:28:48.177 [main] INFO  api.test.UserTests - ********** reading user info **********
12:28:49.441 [main] INFO  api.test.UserTests - ********** user info is displayed **********
12:28:49.449 [main] INFO  api.test.UserTests - ********** updating user info **********
12:28:50.710 [main] INFO  api.test.UserTests - ********** user info is updated **********
12:28:50.711 [main] INFO  api.test.UserTests - ********** getting user info after update **********
12:28:51.933 [main] INFO  api.test.UserTests - ********** user info after update is retrieved **********
12:28:51.947 [main] INFO  api.test.UserTests - ********** deleting user info **********
12:28:53.147 [main] INFO  api.test.UserTests - ********** user info is deleted **********
2023-11-13 07:08:42,679 [main] INFO  api.test.UserTests - ********** creating user **********
2023-11-13 07:08:45,301 [main] INFO  api.test.UserTests - ********** user is created **********
2023-11-13 07:08:45,316 [main] INFO  api.test.UserTests - ********** reading user info **********
2023-11-13 07:08:46,564 [main] INFO  api.test.UserTests - ********** user info is displayed **********
2023-11-13 07:08:46,578 [main] INFO  api.test.UserTests - ********** updating user info **********
2023-11-13 07:08:47,799 [main] INFO  api.test.UserTests - ********** user info is updated **********
2023-11-13 07:08:47,799 [main] INFO  api.test.UserTests - ********** getting user info after update **********
2023-11-13 07:08:48,984 [main] INFO  api.test.UserTests - ********** user info after update is retrieved **********
2023-11-13 07:08:48,993 [main] INFO  api.test.UserTests - ********** deleting user info **********
2023-11-13 07:08:50,168 [main] INFO  api.test.UserTests - ********** user info is deleted **********
2023-11-13 12:39:34,413/{HH:mm:ss.SSS} [main] INFO  api.test.UserTests - ********** creating user **********
2023-11-13 12:39:37,043/{HH:mm:ss.SSS} [main] INFO  api.test.UserTests - ********** user is created **********
2023-11-13 12:39:37,051/{HH:mm:ss.SSS} [main] INFO  api.test.UserTests - ********** reading user info **********
2023-11-13 12:39:38,291/{HH:mm:ss.SSS} [main] INFO  api.test.UserTests - ********** user info is displayed **********
2023-11-13 12:39:38,299/{HH:mm:ss.SSS} [main] INFO  api.test.UserTests - ********** updating user info **********
2023-11-13 12:39:39,520/{HH:mm:ss.SSS} [main] INFO  api.test.UserTests - ********** user info is updated **********
2023-11-13 12:39:39,521/{HH:mm:ss.SSS} [main] INFO  api.test.UserTests - ********** getting user info after update **********
2023-11-13 12:39:40,731/{HH:mm:ss.SSS} [main] INFO  api.test.UserTests - ********** user info after update is retrieved **********
2023-11-13 12:39:40,737/{HH:mm:ss.SSS} [main] INFO  api.test.UserTests - ********** deleting user info **********
2023-11-13 12:39:41,938/{HH:mm:ss.SSS} [main] INFO  api.test.UserTests - ********** user info is deleted **********
2023-11-13 12:42:42,272/{HH:mm:ss} [main] INFO  api.test.UserTests - ********** creating user **********
2023-11-13 12:42:44,969/{HH:mm:ss} [main] INFO  api.test.UserTests - ********** user is created **********
2023-11-13 12:42:44,981/{HH:mm:ss} [main] INFO  api.test.UserTests - ********** reading user info **********
2023-11-13 12:42:46,222/{HH:mm:ss} [main] INFO  api.test.UserTests - ********** user info is displayed **********
2023-11-13 12:42:46,230/{HH:mm:ss} [main] INFO  api.test.UserTests - ********** updating user info **********
2023-11-13 12:42:47,425/{HH:mm:ss} [main] INFO  api.test.UserTests - ********** user info is updated **********
2023-11-13 12:42:47,425/{HH:mm:ss} [main] INFO  api.test.UserTests - ********** getting user info after update **********
2023-11-13 12:42:48,653/{HH:mm:ss} [main] INFO  api.test.UserTests - ********** user info after update is retrieved **********
2023-11-13 12:42:48,663/{HH:mm:ss} [main] INFO  api.test.UserTests - ********** deleting user info **********
2023-11-13 12:42:49,856/{HH:mm:ss} [main] INFO  api.test.UserTests - ********** user info is deleted **********
12:43:51.800 [main] INFO  api.test.UserTests - ********** creating user **********
12:43:54.458 [main] INFO  api.test.UserTests - ********** user is created **********
12:43:54.466 [main] INFO  api.test.UserTests - ********** reading user info **********
12:43:55.738 [main] INFO  api.test.UserTests - ********** user info is displayed **********
12:43:55.750 [main] INFO  api.test.UserTests - ********** updating user info **********
12:43:56.947 [main] INFO  api.test.UserTests - ********** user info is updated **********
12:43:56.947 [main] INFO  api.test.UserTests - ********** getting user info after update **********
12:43:58.153 [main] INFO  api.test.UserTests - ********** user info after update is retrieved **********
12:43:58.161 [main] INFO  api.test.UserTests - ********** deleting user info **********
12:43:59.349 [main] INFO  api.test.UserTests - ********** user info is deleted **********
13:42:22.103 [main] INFO  api.test.UserTests - ********** creating user **********
13:42:24.662 [main] INFO  api.test.UserTests - ********** user is created **********
13:42:24.671 [main] INFO  api.test.UserTests - ********** reading user info **********
13:42:25.834 [main] INFO  api.test.UserTests - ********** user info is displayed **********
13:42:25.846 [main] INFO  api.test.UserTests - ********** updating user info **********
13:42:27.034 [main] INFO  api.test.UserTests - ********** user info is updated **********
13:42:27.034 [main] INFO  api.test.UserTests - ********** getting user info after update **********
13:42:28.222 [main] INFO  api.test.UserTests - ********** user info after update is retrieved **********
13:42:28.228 [main] INFO  api.test.UserTests - ********** deleting user info **********
13:42:29.422 [main] INFO  api.test.UserTests - ********** user info is deleted **********
13:47:54.331 [main] INFO  api.test.UserTests - ********** creating user **********
13:47:57.072 [main] INFO  api.test.UserTests - ********** user is created **********
13:47:57.082 [main] INFO  api.test.UserTests - ********** reading user info **********
13:47:58.381 [main] INFO  api.test.UserTests - ********** user info is displayed **********
13:47:58.390 [main] INFO  api.test.UserTests - ********** updating user info **********
13:47:59.644 [main] INFO  api.test.UserTests - ********** user info is updated **********
13:47:59.645 [main] INFO  api.test.UserTests - ********** getting user info after update **********
13:48:00.831 [main] INFO  api.test.UserTests - ********** user info after update is retrieved **********
13:48:00.839 [main] INFO  api.test.UserTests - ********** deleting user info **********
13:48:02.078 [main] INFO  api.test.UserTests - ********** user info is deleted **********
13:52:21.746 [main] INFO  api.test.UserTests - ********** creating user **********
13:52:24.393 [main] INFO  api.test.UserTests - ********** user is created **********
13:52:24.408 [main] INFO  api.test.UserTests - ********** reading user info **********
13:52:25.674 [main] INFO  api.test.UserTests - ********** user info is displayed **********
13:52:25.681 [main] INFO  api.test.UserTests - ********** updating user info **********
13:52:26.930 [main] INFO  api.test.UserTests - ********** user info is updated **********
13:52:26.930 [main] INFO  api.test.UserTests - ********** getting user info after update **********
13:52:28.148 [main] INFO  api.test.UserTests - ********** user info after update is retrieved **********
13:52:28.156 [main] INFO  api.test.UserTests - ********** deleting user info **********
13:52:29.315 [main] INFO  api.test.UserTests - ********** user info is deleted **********
16:35:25.911 [main] INFO  api.test.UserTests - ********** creating user **********
16:35:29.434 [main] INFO  api.test.UserTests - ********** user is created **********
16:35:29.451 [main] INFO  api.test.UserTests - ********** reading user info **********
16:35:30.879 [main] INFO  api.test.UserTests - ********** user info is displayed **********
16:35:30.888 [main] INFO  api.test.UserTests - ********** updating user info **********
16:35:32.353 [main] INFO  api.test.UserTests - ********** user info is updated **********
16:35:32.353 [main] INFO  api.test.UserTests - ********** getting user info after update **********
16:35:33.823 [main] INFO  api.test.UserTests - ********** user info after update is retrieved **********
16:35:33.833 [main] INFO  api.test.UserTests - ********** deleting user info **********
16:35:35.277 [main] INFO  api.test.UserTests - ********** user info is deleted **********
16:36:07.063 [main] INFO  api.test.UserTests2 - ********** creating user **********
16:36:09.851 [main] INFO  api.test.UserTests2 - ********** user is created **********
16:36:09.865 [main] INFO  api.test.UserTests2 - ********** reading user info **********
16:36:11.312 [main] INFO  api.test.UserTests2 - ********** user info is displayed **********
16:36:11.321 [main] INFO  api.test.UserTests2 - ********** updating user info **********
16:36:12.974 [main] INFO  api.test.UserTests2 - ********** user info is updated **********
16:36:12.974 [main] INFO  api.test.UserTests2 - ********** getting user info after update **********
16:36:14.426 [main] INFO  api.test.UserTests2 - ********** user info after update is retrieved **********
16:36:14.433 [main] INFO  api.test.UserTests2 - ********** deleting user info **********
16:36:15.963 [main] INFO  api.test.UserTests2 - ********** user info is deleted **********
17:16:28.643 [main] INFO  api.test.UserTests2 - ********** creating user **********
17:16:31.286 [main] INFO  api.test.UserTests2 - ********** user is created **********
17:16:31.301 [main] INFO  api.test.UserTests2 - ********** reading user info **********
17:16:32.535 [main] INFO  api.test.UserTests2 - ********** user info is displayed **********
17:16:32.543 [main] INFO  api.test.UserTests2 - ********** updating user info **********
17:16:33.741 [main] INFO  api.test.UserTests2 - ********** user info is updated **********
17:16:33.741 [main] INFO  api.test.UserTests2 - ********** getting user info after update **********
17:16:34.932 [main] INFO  api.test.UserTests2 - ********** user info after update is retrieved **********
17:16:34.940 [main] INFO  api.test.UserTests2 - ********** deleting user info **********
17:16:36.112 [main] INFO  api.test.UserTests2 - ********** user info is deleted **********
17:35:19.660 [main] INFO  api.test.UserTests2 - ********** creating user **********
17:35:22.322 [main] INFO  api.test.UserTests2 - ********** user is created **********
17:35:22.334 [main] INFO  api.test.UserTests2 - ********** reading user info **********
17:35:23.509 [main] INFO  api.test.UserTests2 - ********** user info is displayed **********
17:35:23.513 [main] INFO  api.test.UserTests2 - ********** updating user info **********
17:35:24.689 [main] INFO  api.test.UserTests2 - ********** user info is updated **********
17:35:24.689 [main] INFO  api.test.UserTests2 - ********** getting user info after update **********
17:35:25.882 [main] INFO  api.test.UserTests2 - ********** user info after update is retrieved **********
17:35:25.886 [main] INFO  api.test.UserTests2 - ********** deleting user info **********
17:35:27.064 [main] INFO  api.test.UserTests2 - ********** user info is deleted **********
17:36:56.858 [main] INFO  api.test.UserTests2 - ********** creating user **********
17:36:59.434 [main] INFO  api.test.UserTests2 - ********** user is created **********
17:36:59.451 [main] INFO  api.test.UserTests2 - ********** reading user info **********
17:37:00.691 [main] INFO  api.test.UserTests2 - ********** user info is displayed **********
17:37:00.695 [main] INFO  api.test.UserTests2 - ********** updating user info **********
17:37:01.949 [main] INFO  api.test.UserTests2 - ********** user info is updated **********
17:37:01.949 [main] INFO  api.test.UserTests2 - ********** getting user info after update **********
17:37:03.194 [main] INFO  api.test.UserTests2 - ********** user info after update is retrieved **********
17:37:03.198 [main] INFO  api.test.UserTests2 - ********** deleting user info **********
17:37:04.375 [main] INFO  api.test.UserTests2 - ********** user info is deleted **********
17:39:43.901 [main] INFO  api.test.UserTests2 - ********** creating user **********
17:39:46.532 [main] INFO  api.test.UserTests2 - ********** user is created **********
17:39:46.547 [main] INFO  api.test.UserTests2 - ********** reading user info **********
17:39:47.747 [main] INFO  api.test.UserTests2 - ********** user info is displayed **********
17:39:47.752 [main] INFO  api.test.UserTests2 - ********** updating user info **********
17:39:48.930 [main] INFO  api.test.UserTests2 - ********** user info is updated **********
17:39:48.930 [main] INFO  api.test.UserTests2 - ********** getting user info after update **********
17:39:50.155 [main] INFO  api.test.UserTests2 - ********** user info after update is retrieved **********
17:39:50.163 [main] INFO  api.test.UserTests2 - ********** deleting user info **********
17:39:51.370 [main] INFO  api.test.UserTests2 - ********** user info is deleted **********
17:57:08.837 [main] INFO  api.test.UserTests2 - ********** creating user **********
17:57:11.374 [main] INFO  api.test.UserTests2 - ********** user is created **********
17:57:11.415 [main] INFO  api.test.UserTests2 - ********** reading user info **********
17:57:12.652 [main] INFO  api.test.UserTests2 - ********** user info is displayed **********
17:57:12.657 [main] INFO  api.test.UserTests2 - ********** updating user info **********
17:57:13.870 [main] INFO  api.test.UserTests2 - ********** user info is updated **********
17:57:13.870 [main] INFO  api.test.UserTests2 - ********** getting user info after update **********
17:57:15.072 [main] INFO  api.test.UserTests2 - ********** user info after update is retrieved **********
17:57:15.076 [main] INFO  api.test.UserTests2 - ********** deleting user info **********
17:57:16.254 [main] INFO  api.test.UserTests2 - ********** user info is deleted **********
11:14:45.320 [main] INFO  api.test.UserTests2 - ********** creating user **********
11:14:48.057 [main] INFO  api.test.UserTests2 - ********** user is created **********
11:14:48.067 [main] INFO  api.test.UserTests2 - ********** reading user info **********
11:14:49.371 [main] INFO  api.test.UserTests2 - ********** user info is displayed **********
11:14:49.375 [main] INFO  api.test.UserTests2 - ********** updating user info **********
11:14:50.623 [main] INFO  api.test.UserTests2 - ********** user info is updated **********
11:14:50.623 [main] INFO  api.test.UserTests2 - ********** getting user info after update **********
11:14:51.820 [main] INFO  api.test.UserTests2 - ********** user info after update is retrieved **********
11:14:51.823 [main] INFO  api.test.UserTests2 - ********** deleting user info **********
11:14:53.002 [main] INFO  api.test.UserTests2 - ********** user info is deleted **********
